<?xml version="1.0" encoding="UTF-8"?>
<!-- Generated by org.testng.reporters.JUnitReportReporter -->
<testsuite hostname="CILPLAP00042" failures="0" tests="5" name="TestingSuite.TestLoginPage" time="44.802" errors="0" timestamp="2025-06-26T15:42:42 IST" skipped="0">
  <testcase classname="TestingSuite.TestLoginPage" name="TestInvalidUsername" time="2.648"/>
  <testcase classname="TestingSuite.TestLoginPage" name="TestINValidCredentials" time="2.230"/>
  <testcase classname="TestingSuite.TestLoginPage" name="TestValidCredentials" time="14.200"/>
  <testcase classname="TestingSuite.TestLoginPage" name="TestInvalidPassword" time="15.345"/>
  <testcase classname="TestingSuite.TestLoginPage" name="emptyLogin" time="10.379"/>
</testsuite> <!-- TestingSuite.TestLoginPage -->
